#
# A fatal error has been detected by the Java Runtime Environment:
#
#  EXCEPTION_ACCESS_VIOLATION (0xc0000005) at pc=0x00007ffb81e5c0ed, pid=13372, tid=13772
#
# JRE version: OpenJDK Runtime Environment (11.0.4+11) (build 11.0.4+11)
# Java VM: OpenJDK 64-Bit Server VM (11.0.4+11, mixed mode, tiered, compressed oops, g1 gc, windows-amd64)
# Problematic frame:
# C  [jni_demo_crash_example_Library.dll+0xc0ed]
#
# No core dump will be written. Minidumps are not enabled by default on client versions of Windows
#
# If you would like to submit a bug report, please visit:
#   http://bugreport.java.com/bugreport/crash.jsp
# The crash happened outside the Java Virtual Machine in native code.
# See problematic frame for where to report the bug.
#

---------------  S U M M A R Y ------------

Command Line: -Dfile.encoding=windows-1252 -Duser.country=US -Duser.language=en -Duser.variant example.LibraryCaller

Host: Intel(R) Core(TM) i7-7820HQ CPU @ 2.90GHz, 8 cores, 63G,  Windows 10 , 64 bit Build 19041 (10.0.19041.662)
Time: Wed Mar  3 11:33:30 2021 India Standard Time elapsed time: 0 seconds (0d 0h 0m 0s)

---------------  T H R E A D  ---------------

Current thread (0x000001c109f90000):  JavaThread "main" [_thread_in_native, id=13772, stack(0x00000097c6e00000,0x00000097c6f00000)]

Stack: [0x00000097c6e00000,0x00000097c6f00000],  sp=0x00000097c6eff678,  free space=1021k
Native frames: (J=compiled Java code, j=interpreted, Vv=VM code, C=native code)
C  [jni_demo_crash_example_Library.dll+0xc0ed]

Java frames: (J=compiled Java code, j=interpreted, Vv=VM code)
j  jni.demo.crash.example.Library.crashJVM()V+0
j  jni.demo.crash.example.Library.callAndCrash()V+7
j  example.LibraryCaller.main([Ljava/lang/String;)V+7
v  ~StubRoutines::call_stub

siginfo: EXCEPTION_ACCESS_VIOLATION (0xc0000005), writing address 0x0000000000000000


Register to memory mapping:

RIP=0x00007ffb81e5c0ed jni_demo_crash_example_Library.dll
RAX=0x00007ffb81e87261 jni_demo_crash_example_Library.dll
RBX={method} {0x000001c14ab40740} 'crashJVM' '()V' in 'jni/demo/crash/example/Library'
RCX=0xffff80047e18ec9c is an unknown value
RDX=0x00007ffb81e71364 jni_demo_crash_example_Library.dll
RSP=0x00000097c6eff678 is pointing into the stack for thread: 0x000001c109f90000
RBP=0x00000097c6eff730 is pointing into the stack for thread: 0x000001c109f90000
RSI=0x00000097c6effc80 is pointing into the stack for thread: 0x000001c109f90000
RDI=0x0000000000000001 is an unknown value
R8 =0x0000000000000007 is an unknown value
R9 =0x00000097c6eff558 is pointing into the stack for thread: 0x000001c109f90000
R10=0x0000000000000018 is an unknown value
R11=0x0 is NULL
R12=0x0 is NULL
R13={method} {0x000001c14ab40740} 'crashJVM' '()V' in 'jni/demo/crash/example/Library'
R14=0x00000097c6eff750 is pointing into the stack for thread: 0x000001c109f90000
R15=0x000001c109f90000 is a thread


Registers:
RAX=0x00007ffb81e87261, RBX=0x000001c14ab40738, RCX=0xffff80047e18ec9c, RDX=0x00007ffb81e71364
RSP=0x00000097c6eff678, RBP=0x00000097c6eff730, RSI=0x00000097c6effc80, RDI=0x0000000000000001
R8 =0x0000000000000007, R9 =0x00000097c6eff558, R10=0x0000000000000018, R11=0x0000000000000000
R12=0x0000000000000000, R13=0x000001c14ab40738, R14=0x00000097c6eff750, R15=0x000001c109f90000
RIP=0x00007ffb81e5c0ed, EFLAGS=0x0000000000010202

Top of Stack: (sp=0x00000097c6eff678)
0x00000097c6eff678:   00007ffb81e5115a 00007ffb81e872d0
0x00000097c6eff688:   00007ffb81e51c10 00000097c6effa00
0x00000097c6eff698:   000001c14ab40738 0000000000000000
0x00000097c6eff6a8:   00007ffb383877d4 0000000000000001
0x00000097c6eff6b8:   000001c1125bf0b7 000001c109f90340
0x00000097c6eff6c8:   00000097c6eff750 00000097c6effc80
0x00000097c6eff6d8:   000001c1125b9e67 000001c1125bed56
0x00000097c6eff6e8:   00000097c6eff6e8 000001c14ab40738
0x00000097c6eff6f8:   00000097c6eff750 000001c14ab40930
0x00000097c6eff708:   0000000000000000 00000004420a5790
0x00000097c6eff718:   000001c14ab40738 0000000000000000
0x00000097c6eff728:   00000097c6eff750 00000097c6eff7a0
0x00000097c6eff738:   000001c1125b9e67 0000000000000000
0x00000097c6eff748:   000001c1125bbff8 00000004420ad8f8
0x00000097c6eff758:   00000097c6eff758 000001c14ab407df
0x00000097c6eff768:   00000097c6eff7b0 000001c14ab40930 

Instructions: (pc=0x00007ffb81e5c0ed)
0x00007ffb81e5bfed:   17 04 00 c0 41 8d 48 01 e8 6e fd ff ff ff 15 d8
0x00007ffb81e5bffd:   50 01 00 48 8b c8 ba 17 04 00 c0 48 83 c4 28 48
0x00007ffb81e5c00d:   ff 25 cd 50 01 00 cc c7 44 24 10 00 00 00 00 8b
0x00007ffb81e5c01d:   44 24 10 e9 ef 6e 00 00 cc cc cc cc cc cc cc cc
0x00007ffb81e5c02d:   cc cc cc cc cc cc cc cc cc 66 66 0f 1f 84 00 00
0x00007ffb81e5c03d:   00 00 00 4c 8b d9 f6 c1 07 74 12 8a 01 84 c0 0f
0x00007ffb81e5c04d:   84 91 00 00 00 48 ff c1 f6 c1 07 75 ee 48 8b 01
0x00007ffb81e5c05d:   4c 8b d0 49 b9 ff fe fe fe fe fe fe 7e 4d 03 ca
0x00007ffb81e5c06d:   49 83 f2 ff 4d 33 d1 48 83 c1 08 49 b9 00 01 01
0x00007ffb81e5c07d:   01 01 01 01 81 4d 85 d1 74 d3 48 83 e9 08 84 c0
0x00007ffb81e5c08d:   74 54 48 ff c1 84 e4 74 4d 48 ff c1 48 c1 e8 10
0x00007ffb81e5c09d:   84 c0 74 42 48 ff c1 84 e4 74 3b 48 ff c1 48 c1
0x00007ffb81e5c0ad:   e8 10 84 c0 74 30 48 ff c1 84 e4 74 29 48 ff c1
0x00007ffb81e5c0bd:   c1 e8 10 84 c0 74 1f 48 ff c1 84 e4 74 18 48 ff
0x00007ffb81e5c0cd:   c1 eb 8a cc cc cc cc cc cc 66 66 0f 1f 84 00 00
0x00007ffb81e5c0dd:   00 00 00 4c 8b d9 48 2b ca f6 c2 07 74 1f 8a 02
0x00007ffb81e5c0ed:   88 04 0a 84 c0 74 0a 48 ff c2 f6 c2 07 75 ef eb
0x00007ffb81e5c0fd:   0c 49 8b c3 c3 48 89 04 0a 48 83 c2 08 48 8b 02
0x00007ffb81e5c10d:   49 b9 ff fe fe fe fe fe fe 7e 4c 03 c8 4c 8b d0
0x00007ffb81e5c11d:   49 83 f2 ff 4d 33 d1 49 b9 00 01 01 01 01 01 01
0x00007ffb81e5c12d:   81 4d 85 d1 74 cf 84 c0 88 04 0a 74 59 48 ff c2
0x00007ffb81e5c13d:   84 e4 88 24 0a 74 4f 48 ff c2 48 c1 e8 10 84 c0
0x00007ffb81e5c14d:   88 04 0a 74 41 48 ff c2 84 e4 88 24 0a 74 37 48
0x00007ffb81e5c15d:   ff c2 48 c1 e8 10 84 c0 88 04 0a 74 29 48 ff c2
0x00007ffb81e5c16d:   84 e4 88 24 0a 74 1f 48 ff c2 c1 e8 10 84 c0 88
0x00007ffb81e5c17d:   04 0a 74 12 48 ff c2 84 e4 88 24 0a 74 08 48 ff
0x00007ffb81e5c18d:   c2 e9 77 ff ff ff 49 8b c3 c3 cc cc cc cc cc cc
0x00007ffb81e5c19d:   cc cc cc cc cc cc cc cc cc 66 66 0f 1f 84 00 00
0x00007ffb81e5c1ad:   00 00 00 48 8b c1 48 f7 d9 48 a9 07 00 00 00 74
0x00007ffb81e5c1bd:   0f 66 90 8a 10 48 ff c0 84 d2 74 5f a8 07 75 f3
0x00007ffb81e5c1cd:   49 b8 ff fe fe fe fe fe fe 7e 49 bb 00 01 01 01
0x00007ffb81e5c1dd:   01 01 01 81 48 8b 10 4d 8b c8 48 83 c0 08 4c 03 


Stack slot to memory mapping:
stack at sp + 0 slots: 0x00007ffb81e5115a jni_demo_crash_example_Library.dll
stack at sp + 1 slots: 0x00007ffb81e872d0 jni_demo_crash_example_Library.dll
stack at sp + 2 slots: 0x00007ffb81e51c10 jni_demo_crash_example_Library.dll
stack at sp + 3 slots: 0x00000097c6effa00 is pointing into the stack for thread: 0x000001c109f90000
stack at sp + 4 slots: {method} {0x000001c14ab40740} 'crashJVM' '()V' in 'jni/demo/crash/example/Library'
stack at sp + 5 slots: 0x0 is NULL
stack at sp + 6 slots: 0x00007ffb383877d4 jvm.dll
stack at sp + 7 slots: 0x0000000000000001 is an unknown value


---------------  P R O C E S S  ---------------

Threads class SMR info:
_java_thread_list=0x000001c14a6851c0, length=10, elements={
0x000001c109f90000, 0x000001c14a494000, 0x000001c14a495000, 0x000001c14a516000,
0x000001c14a517000, 0x000001c14a51a800, 0x000001c14a523800, 0x000001c14a528000,
0x000001c14a686000, 0x000001c14a68c000
}

Java Threads: ( => current thread )
=>0x000001c109f90000 JavaThread "main" [_thread_in_native, id=13772, stack(0x00000097c6e00000,0x00000097c6f00000)]
  0x000001c14a494000 JavaThread "Reference Handler" daemon [_thread_blocked, id=15180, stack(0x00000097c7500000,0x00000097c7600000)]
  0x000001c14a495000 JavaThread "Finalizer" daemon [_thread_blocked, id=4704, stack(0x00000097c7600000,0x00000097c7700000)]
  0x000001c14a516000 JavaThread "Signal Dispatcher" daemon [_thread_blocked, id=23720, stack(0x00000097c7700000,0x00000097c7800000)]
  0x000001c14a517000 JavaThread "Attach Listener" daemon [_thread_blocked, id=13284, stack(0x00000097c7800000,0x00000097c7900000)]
  0x000001c14a51a800 JavaThread "C2 CompilerThread0" daemon [_thread_blocked, id=19912, stack(0x00000097c7900000,0x00000097c7a00000)]
  0x000001c14a523800 JavaThread "C1 CompilerThread0" daemon [_thread_blocked, id=11820, stack(0x00000097c7a00000,0x00000097c7b00000)]
  0x000001c14a528000 JavaThread "Sweeper thread" daemon [_thread_blocked, id=5616, stack(0x00000097c7b00000,0x00000097c7c00000)]
  0x000001c14a686000 JavaThread "Service Thread" daemon [_thread_blocked, id=14644, stack(0x00000097c7c00000,0x00000097c7d00000)]
  0x000001c14a68c000 JavaThread "Common-Cleaner" daemon [_thread_blocked, id=14832, stack(0x00000097c7e00000,0x00000097c7f00000)]

Other Threads:
  0x000001c14a491000 VMThread "VM Thread" [stack: 0x00000097c7400000,0x00000097c7500000] [id=14564]
  0x000001c14a687000 WatcherThread [stack: 0x00000097c7d00000,0x00000097c7e00000] [id=14648]
  0x000001c109fa7800 GCTaskThread "GC Thread#0" [stack: 0x00000097c6f00000,0x00000097c7000000] [id=17892]
  0x000001c10a065000 ConcurrentGCThread "G1 Main Marker" [stack: 0x00000097c7000000,0x00000097c7100000] [id=15868]
  0x000001c10a066000 ConcurrentGCThread "G1 Conc#0" [stack: 0x00000097c7100000,0x00000097c7200000] [id=20968]
  0x000001c149b78000 ConcurrentGCThread "G1 Refine#0" [stack: 0x00000097c7200000,0x00000097c7300000] [id=10128]
  0x000001c149b7b800 ConcurrentGCThread "G1 Young RemSet Sampling" [stack: 0x00000097c7300000,0x00000097c7400000] [id=21012]

Threads with active compile tasks:

VM state:not at safepoint (normal execution)

VM Mutex/Monitor currently owned by a thread: None

Heap address: 0x0000000402400000, size: 16348 MB, Compressed Oops mode: Zero based, Oop shift amount: 3
Narrow klass base: 0x0000000800000000, Narrow klass shift: 0
Compressed class space size: 1073741824 Address: 0x0000000800000000

Heap:
 garbage-first heap   total 1048576K, used 0K [0x0000000402400000, 0x0000000800000000)
  region size 4096K, 1 young (4096K), 0 survivors (0K)
 Metaspace       used 3828K, capacity 4486K, committed 4864K, reserved 1056768K
  class space    used 343K, capacity 386K, committed 512K, reserved 1048576K
Heap Regions: E=young(eden), S=young(survivor), O=old, HS=humongous(starts), HC=humongous(continues), CS=collection set, F=free, A=archive, TAMS=top-at-mark-start (previous, next)
|   0|0x0000000402400000, 0x0000000402400000, 0x0000000402800000|  0%| F|  |TAMS 0x0000000402400000, 0x0000000402400000| Untracked 
|   1|0x0000000402800000, 0x0000000402800000, 0x0000000402c00000|  0%| F|  |TAMS 0x0000000402800000, 0x0000000402800000| Untracked 
|   2|0x0000000402c00000, 0x0000000402c00000, 0x0000000403000000|  0%| F|  |TAMS 0x0000000402c00000, 0x0000000402c00000| Untracked 
|   3|0x0000000403000000, 0x0000000403000000, 0x0000000403400000|  0%| F|  |TAMS 0x0000000403000000, 0x0000000403000000| Untracked 
|   4|0x0000000403400000, 0x0000000403400000, 0x0000000403800000|  0%| F|  |TAMS 0x0000000403400000, 0x0000000403400000| Untracked 
|   5|0x0000000403800000, 0x0000000403800000, 0x0000000403c00000|  0%| F|  |TAMS 0x0000000403800000, 0x0000000403800000| Untracked 
|   6|0x0000000403c00000, 0x0000000403c00000, 0x0000000404000000|  0%| F|  |TAMS 0x0000000403c00000, 0x0000000403c00000| Untracked 
|   7|0x0000000404000000, 0x0000000404000000, 0x0000000404400000|  0%| F|  |TAMS 0x0000000404000000, 0x0000000404000000| Untracked 
|   8|0x0000000404400000, 0x0000000404400000, 0x0000000404800000|  0%| F|  |TAMS 0x0000000404400000, 0x0000000404400000| Untracked 
|   9|0x0000000404800000, 0x0000000404800000, 0x0000000404c00000|  0%| F|  |TAMS 0x0000000404800000, 0x0000000404800000| Untracked 
|  10|0x0000000404c00000, 0x0000000404c00000, 0x0000000405000000|  0%| F|  |TAMS 0x0000000404c00000, 0x0000000404c00000| Untracked 
|  11|0x0000000405000000, 0x0000000405000000, 0x0000000405400000|  0%| F|  |TAMS 0x0000000405000000, 0x0000000405000000| Untracked 
|  12|0x0000000405400000, 0x0000000405400000, 0x0000000405800000|  0%| F|  |TAMS 0x0000000405400000, 0x0000000405400000| Untracked 
|  13|0x0000000405800000, 0x0000000405800000, 0x0000000405c00000|  0%| F|  |TAMS 0x0000000405800000, 0x0000000405800000| Untracked 
|  14|0x0000000405c00000, 0x0000000405c00000, 0x0000000406000000|  0%| F|  |TAMS 0x0000000405c00000, 0x0000000405c00000| Untracked 
|  15|0x0000000406000000, 0x0000000406000000, 0x0000000406400000|  0%| F|  |TAMS 0x0000000406000000, 0x0000000406000000| Untracked 
|  16|0x0000000406400000, 0x0000000406400000, 0x0000000406800000|  0%| F|  |TAMS 0x0000000406400000, 0x0000000406400000| Untracked 
|  17|0x0000000406800000, 0x0000000406800000, 0x0000000406c00000|  0%| F|  |TAMS 0x0000000406800000, 0x0000000406800000| Untracked 
|  18|0x0000000406c00000, 0x0000000406c00000, 0x0000000407000000|  0%| F|  |TAMS 0x0000000406c00000, 0x0000000406c00000| Untracked 
|  19|0x0000000407000000, 0x0000000407000000, 0x0000000407400000|  0%| F|  |TAMS 0x0000000407000000, 0x0000000407000000| Untracked 
|  20|0x0000000407400000, 0x0000000407400000, 0x0000000407800000|  0%| F|  |TAMS 0x0000000407400000, 0x0000000407400000| Untracked 
|  21|0x0000000407800000, 0x0000000407800000, 0x0000000407c00000|  0%| F|  |TAMS 0x0000000407800000, 0x0000000407800000| Untracked 
|  22|0x0000000407c00000, 0x0000000407c00000, 0x0000000408000000|  0%| F|  |TAMS 0x0000000407c00000, 0x0000000407c00000| Untracked 
|  23|0x0000000408000000, 0x0000000408000000, 0x0000000408400000|  0%| F|  |TAMS 0x0000000408000000, 0x0000000408000000| Untracked 
|  24|0x0000000408400000, 0x0000000408400000, 0x0000000408800000|  0%| F|  |TAMS 0x0000000408400000, 0x0000000408400000| Untracked 
|  25|0x0000000408800000, 0x0000000408800000, 0x0000000408c00000|  0%| F|  |TAMS 0x0000000408800000, 0x0000000408800000| Untracked 
|  26|0x0000000408c00000, 0x0000000408c00000, 0x0000000409000000|  0%| F|  |TAMS 0x0000000408c00000, 0x0000000408c00000| Untracked 
|  27|0x0000000409000000, 0x0000000409000000, 0x0000000409400000|  0%| F|  |TAMS 0x0000000409000000, 0x0000000409000000| Untracked 
|  28|0x0000000409400000, 0x0000000409400000, 0x0000000409800000|  0%| F|  |TAMS 0x0000000409400000, 0x0000000409400000| Untracked 
|  29|0x0000000409800000, 0x0000000409800000, 0x0000000409c00000|  0%| F|  |TAMS 0x0000000409800000, 0x0000000409800000| Untracked 
|  30|0x0000000409c00000, 0x0000000409c00000, 0x000000040a000000|  0%| F|  |TAMS 0x0000000409c00000, 0x0000000409c00000| Untracked 
|  31|0x000000040a000000, 0x000000040a000000, 0x000000040a400000|  0%| F|  |TAMS 0x000000040a000000, 0x000000040a000000| Untracked 
|  32|0x000000040a400000, 0x000000040a400000, 0x000000040a800000|  0%| F|  |TAMS 0x000000040a400000, 0x000000040a400000| Untracked 
|  33|0x000000040a800000, 0x000000040a800000, 0x000000040ac00000|  0%| F|  |TAMS 0x000000040a800000, 0x000000040a800000| Untracked 
|  34|0x000000040ac00000, 0x000000040ac00000, 0x000000040b000000|  0%| F|  |TAMS 0x000000040ac00000, 0x000000040ac00000| Untracked 
|  35|0x000000040b000000, 0x000000040b000000, 0x000000040b400000|  0%| F|  |TAMS 0x000000040b000000, 0x000000040b000000| Untracked 
|  36|0x000000040b400000, 0x000000040b400000, 0x000000040b800000|  0%| F|  |TAMS 0x000000040b400000, 0x000000040b400000| Untracked 
|  37|0x000000040b800000, 0x000000040b800000, 0x000000040bc00000|  0%| F|  |TAMS 0x000000040b800000, 0x000000040b800000| Untracked 
|  38|0x000000040bc00000, 0x000000040bc00000, 0x000000040c000000|  0%| F|  |TAMS 0x000000040bc00000, 0x000000040bc00000| Untracked 
|  39|0x000000040c000000, 0x000000040c000000, 0x000000040c400000|  0%| F|  |TAMS 0x000000040c000000, 0x000000040c000000| Untracked 
|  40|0x000000040c400000, 0x000000040c400000, 0x000000040c800000|  0%| F|  |TAMS 0x000000040c400000, 0x000000040c400000| Untracked 
|  41|0x000000040c800000, 0x000000040c800000, 0x000000040cc00000|  0%| F|  |TAMS 0x000000040c800000, 0x000000040c800000| Untracked 
|  42|0x000000040cc00000, 0x000000040cc00000, 0x000000040d000000|  0%| F|  |TAMS 0x000000040cc00000, 0x000000040cc00000| Untracked 
|  43|0x000000040d000000, 0x000000040d000000, 0x000000040d400000|  0%| F|  |TAMS 0x000000040d000000, 0x000000040d000000| Untracked 
|  44|0x000000040d400000, 0x000000040d400000, 0x000000040d800000|  0%| F|  |TAMS 0x000000040d400000, 0x000000040d400000| Untracked 
|  45|0x000000040d800000, 0x000000040d800000, 0x000000040dc00000|  0%| F|  |TAMS 0x000000040d800000, 0x000000040d800000| Untracked 
|  46|0x000000040dc00000, 0x000000040dc00000, 0x000000040e000000|  0%| F|  |TAMS 0x000000040dc00000, 0x000000040dc00000| Untracked 
|  47|0x000000040e000000, 0x000000040e000000, 0x000000040e400000|  0%| F|  |TAMS 0x000000040e000000, 0x000000040e000000| Untracked 
|  48|0x000000040e400000, 0x000000040e400000, 0x000000040e800000|  0%| F|  |TAMS 0x000000040e400000, 0x000000040e400000| Untracked 
|  49|0x000000040e800000, 0x000000040e800000, 0x000000040ec00000|  0%| F|  |TAMS 0x000000040e800000, 0x000000040e800000| Untracked 
|  50|0x000000040ec00000, 0x000000040ec00000, 0x000000040f000000|  0%| F|  |TAMS 0x000000040ec00000, 0x000000040ec00000| Untracked 
|  51|0x000000040f000000, 0x000000040f000000, 0x000000040f400000|  0%| F|  |TAMS 0x000000040f000000, 0x000000040f000000| Untracked 
|  52|0x000000040f400000, 0x000000040f400000, 0x000000040f800000|  0%| F|  |TAMS 0x000000040f400000, 0x000000040f400000| Untracked 
|  53|0x000000040f800000, 0x000000040f800000, 0x000000040fc00000|  0%| F|  |TAMS 0x000000040f800000, 0x000000040f800000| Untracked 
|  54|0x000000040fc00000, 0x000000040fc00000, 0x0000000410000000|  0%| F|  |TAMS 0x000000040fc00000, 0x000000040fc00000| Untracked 
|  55|0x0000000410000000, 0x0000000410000000, 0x0000000410400000|  0%| F|  |TAMS 0x0000000410000000, 0x0000000410000000| Untracked 
|  56|0x0000000410400000, 0x0000000410400000, 0x0000000410800000|  0%| F|  |TAMS 0x0000000410400000, 0x0000000410400000| Untracked 
|  57|0x0000000410800000, 0x0000000410800000, 0x0000000410c00000|  0%| F|  |TAMS 0x0000000410800000, 0x0000000410800000| Untracked 
|  58|0x0000000410c00000, 0x0000000410c00000, 0x0000000411000000|  0%| F|  |TAMS 0x0000000410c00000, 0x0000000410c00000| Untracked 
|  59|0x0000000411000000, 0x0000000411000000, 0x0000000411400000|  0%| F|  |TAMS 0x0000000411000000, 0x0000000411000000| Untracked 
|  60|0x0000000411400000, 0x0000000411400000, 0x0000000411800000|  0%| F|  |TAMS 0x0000000411400000, 0x0000000411400000| Untracked 
|  61|0x0000000411800000, 0x0000000411800000, 0x0000000411c00000|  0%| F|  |TAMS 0x0000000411800000, 0x0000000411800000| Untracked 
|  62|0x0000000411c00000, 0x0000000411c00000, 0x0000000412000000|  0%| F|  |TAMS 0x0000000411c00000, 0x0000000411c00000| Untracked 
|  63|0x0000000412000000, 0x0000000412000000, 0x0000000412400000|  0%| F|  |TAMS 0x0000000412000000, 0x0000000412000000| Untracked 
|  64|0x0000000412400000, 0x0000000412400000, 0x0000000412800000|  0%| F|  |TAMS 0x0000000412400000, 0x0000000412400000| Untracked 
|  65|0x0000000412800000, 0x0000000412800000, 0x0000000412c00000|  0%| F|  |TAMS 0x0000000412800000, 0x0000000412800000| Untracked 
|  66|0x0000000412c00000, 0x0000000412c00000, 0x0000000413000000|  0%| F|  |TAMS 0x0000000412c00000, 0x0000000412c00000| Untracked 
|  67|0x0000000413000000, 0x0000000413000000, 0x0000000413400000|  0%| F|  |TAMS 0x0000000413000000, 0x0000000413000000| Untracked 
|  68|0x0000000413400000, 0x0000000413400000, 0x0000000413800000|  0%| F|  |TAMS 0x0000000413400000, 0x0000000413400000| Untracked 
|  69|0x0000000413800000, 0x0000000413800000, 0x0000000413c00000|  0%| F|  |TAMS 0x0000000413800000, 0x0000000413800000| Untracked 
|  70|0x0000000413c00000, 0x0000000413c00000, 0x0000000414000000|  0%| F|  |TAMS 0x0000000413c00000, 0x0000000413c00000| Untracked 
|  71|0x0000000414000000, 0x0000000414000000, 0x0000000414400000|  0%| F|  |TAMS 0x0000000414000000, 0x0000000414000000| Untracked 
|  72|0x0000000414400000, 0x0000000414400000, 0x0000000414800000|  0%| F|  |TAMS 0x0000000414400000, 0x0000000414400000| Untracked 
|  73|0x0000000414800000, 0x0000000414800000, 0x0000000414c00000|  0%| F|  |TAMS 0x0000000414800000, 0x0000000414800000| Untracked 
|  74|0x0000000414c00000, 0x0000000414c00000, 0x0000000415000000|  0%| F|  |TAMS 0x0000000414c00000, 0x0000000414c00000| Untracked 
|  75|0x0000000415000000, 0x0000000415000000, 0x0000000415400000|  0%| F|  |TAMS 0x0000000415000000, 0x0000000415000000| Untracked 
|  76|0x0000000415400000, 0x0000000415400000, 0x0000000415800000|  0%| F|  |TAMS 0x0000000415400000, 0x0000000415400000| Untracked 
|  77|0x0000000415800000, 0x0000000415800000, 0x0000000415c00000|  0%| F|  |TAMS 0x0000000415800000, 0x0000000415800000| Untracked 
|  78|0x0000000415c00000, 0x0000000415c00000, 0x0000000416000000|  0%| F|  |TAMS 0x0000000415c00000, 0x0000000415c00000| Untracked 
|  79|0x0000000416000000, 0x0000000416000000, 0x0000000416400000|  0%| F|  |TAMS 0x0000000416000000, 0x0000000416000000| Untracked 
|  80|0x0000000416400000, 0x0000000416400000, 0x0000000416800000|  0%| F|  |TAMS 0x0000000416400000, 0x0000000416400000| Untracked 
|  81|0x0000000416800000, 0x0000000416800000, 0x0000000416c00000|  0%| F|  |TAMS 0x0000000416800000, 0x0000000416800000| Untracked 
|  82|0x0000000416c00000, 0x0000000416c00000, 0x0000000417000000|  0%| F|  |TAMS 0x0000000416c00000, 0x0000000416c00000| Untracked 
|  83|0x0000000417000000, 0x0000000417000000, 0x0000000417400000|  0%| F|  |TAMS 0x0000000417000000, 0x0000000417000000| Untracked 
|  84|0x0000000417400000, 0x0000000417400000, 0x0000000417800000|  0%| F|  |TAMS 0x0000000417400000, 0x0000000417400000| Untracked 
|  85|0x0000000417800000, 0x0000000417800000, 0x0000000417c00000|  0%| F|  |TAMS 0x0000000417800000, 0x0000000417800000| Untracked 
|  86|0x0000000417c00000, 0x0000000417c00000, 0x0000000418000000|  0%| F|  |TAMS 0x0000000417c00000, 0x0000000417c00000| Untracked 
|  87|0x0000000418000000, 0x0000000418000000, 0x0000000418400000|  0%| F|  |TAMS 0x0000000418000000, 0x0000000418000000| Untracked 
|  88|0x0000000418400000, 0x0000000418400000, 0x0000000418800000|  0%| F|  |TAMS 0x0000000418400000, 0x0000000418400000| Untracked 
|  89|0x0000000418800000, 0x0000000418800000, 0x0000000418c00000|  0%| F|  |TAMS 0x0000000418800000, 0x0000000418800000| Untracked 
|  90|0x0000000418c00000, 0x0000000418c00000, 0x0000000419000000|  0%| F|  |TAMS 0x0000000418c00000, 0x0000000418c00000| Untracked 
|  91|0x0000000419000000, 0x0000000419000000, 0x0000000419400000|  0%| F|  |TAMS 0x0000000419000000, 0x0000000419000000| Untracked 
|  92|0x0000000419400000, 0x0000000419400000, 0x0000000419800000|  0%| F|  |TAMS 0x0000000419400000, 0x0000000419400000| Untracked 
|  93|0x0000000419800000, 0x0000000419800000, 0x0000000419c00000|  0%| F|  |TAMS 0x0000000419800000, 0x0000000419800000| Untracked 
|  94|0x0000000419c00000, 0x0000000419c00000, 0x000000041a000000|  0%| F|  |TAMS 0x0000000419c00000, 0x0000000419c00000| Untracked 
|  95|0x000000041a000000, 0x000000041a000000, 0x000000041a400000|  0%| F|  |TAMS 0x000000041a000000, 0x000000041a000000| Untracked 
|  96|0x000000041a400000, 0x000000041a400000, 0x000000041a800000|  0%| F|  |TAMS 0x000000041a400000, 0x000000041a400000| Untracked 
|  97|0x000000041a800000, 0x000000041a800000, 0x000000041ac00000|  0%| F|  |TAMS 0x000000041a800000, 0x000000041a800000| Untracked 
|  98|0x000000041ac00000, 0x000000041ac00000, 0x000000041b000000|  0%| F|  |TAMS 0x000000041ac00000, 0x000000041ac00000| Untracked 
|  99|0x000000041b000000, 0x000000041b000000, 0x000000041b400000|  0%| F|  |TAMS 0x000000041b000000, 0x000000041b000000| Untracked 
| 100|0x000000041b400000, 0x000000041b400000, 0x000000041b800000|  0%| F|  |TAMS 0x000000041b400000, 0x000000041b400000| Untracked 
| 101|0x000000041b800000, 0x000000041b800000, 0x000000041bc00000|  0%| F|  |TAMS 0x000000041b800000, 0x000000041b800000| Untracked 
| 102|0x000000041bc00000, 0x000000041bc00000, 0x000000041c000000|  0%| F|  |TAMS 0x000000041bc00000, 0x000000041bc00000| Untracked 
| 103|0x000000041c000000, 0x000000041c000000, 0x000000041c400000|  0%| F|  |TAMS 0x000000041c000000, 0x000000041c000000| Untracked 
| 104|0x000000041c400000, 0x000000041c400000, 0x000000041c800000|  0%| F|  |TAMS 0x000000041c400000, 0x000000041c400000| Untracked 
| 105|0x000000041c800000, 0x000000041c800000, 0x000000041cc00000|  0%| F|  |TAMS 0x000000041c800000, 0x000000041c800000| Untracked 
| 106|0x000000041cc00000, 0x000000041cc00000, 0x000000041d000000|  0%| F|  |TAMS 0x000000041cc00000, 0x000000041cc00000| Untracked 
| 107|0x000000041d000000, 0x000000041d000000, 0x000000041d400000|  0%| F|  |TAMS 0x000000041d000000, 0x000000041d000000| Untracked 
| 108|0x000000041d400000, 0x000000041d400000, 0x000000041d800000|  0%| F|  |TAMS 0x000000041d400000, 0x000000041d400000| Untracked 
| 109|0x000000041d800000, 0x000000041d800000, 0x000000041dc00000|  0%| F|  |TAMS 0x000000041d800000, 0x000000041d800000| Untracked 
| 110|0x000000041dc00000, 0x000000041dc00000, 0x000000041e000000|  0%| F|  |TAMS 0x000000041dc00000, 0x000000041dc00000| Untracked 
| 111|0x000000041e000000, 0x000000041e000000, 0x000000041e400000|  0%| F|  |TAMS 0x000000041e000000, 0x000000041e000000| Untracked 
| 112|0x000000041e400000, 0x000000041e400000, 0x000000041e800000|  0%| F|  |TAMS 0x000000041e400000, 0x000000041e400000| Untracked 
| 113|0x000000041e800000, 0x000000041e800000, 0x000000041ec00000|  0%| F|  |TAMS 0x000000041e800000, 0x000000041e800000| Untracked 
| 114|0x000000041ec00000, 0x000000041ec00000, 0x000000041f000000|  0%| F|  |TAMS 0x000000041ec00000, 0x000000041ec00000| Untracked 
| 115|0x000000041f000000, 0x000000041f000000, 0x000000041f400000|  0%| F|  |TAMS 0x000000041f000000, 0x000000041f000000| Untracked 
| 116|0x000000041f400000, 0x000000041f400000, 0x000000041f800000|  0%| F|  |TAMS 0x000000041f400000, 0x000000041f400000| Untracked 
| 117|0x000000041f800000, 0x000000041f800000, 0x000000041fc00000|  0%| F|  |TAMS 0x000000041f800000, 0x000000041f800000| Untracked 
| 118|0x000000041fc00000, 0x000000041fc00000, 0x0000000420000000|  0%| F|  |TAMS 0x000000041fc00000, 0x000000041fc00000| Untracked 
| 119|0x0000000420000000, 0x0000000420000000, 0x0000000420400000|  0%| F|  |TAMS 0x0000000420000000, 0x0000000420000000| Untracked 
| 120|0x0000000420400000, 0x0000000420400000, 0x0000000420800000|  0%| F|  |TAMS 0x0000000420400000, 0x0000000420400000| Untracked 
| 121|0x0000000420800000, 0x0000000420800000, 0x0000000420c00000|  0%| F|  |TAMS 0x0000000420800000, 0x0000000420800000| Untracked 
| 122|0x0000000420c00000, 0x0000000420c00000, 0x0000000421000000|  0%| F|  |TAMS 0x0000000420c00000, 0x0000000420c00000| Untracked 
| 123|0x0000000421000000, 0x0000000421000000, 0x0000000421400000|  0%| F|  |TAMS 0x0000000421000000, 0x0000000421000000| Untracked 
| 124|0x0000000421400000, 0x0000000421400000, 0x0000000421800000|  0%| F|  |TAMS 0x0000000421400000, 0x0000000421400000| Untracked 
| 125|0x0000000421800000, 0x0000000421800000, 0x0000000421c00000|  0%| F|  |TAMS 0x0000000421800000, 0x0000000421800000| Untracked 
| 126|0x0000000421c00000, 0x0000000421c00000, 0x0000000422000000|  0%| F|  |TAMS 0x0000000421c00000, 0x0000000421c00000| Untracked 
| 127|0x0000000422000000, 0x0000000422000000, 0x0000000422400000|  0%| F|  |TAMS 0x0000000422000000, 0x0000000422000000| Untracked 
| 128|0x0000000422400000, 0x0000000422400000, 0x0000000422800000|  0%| F|  |TAMS 0x0000000422400000, 0x0000000422400000| Untracked 
| 129|0x0000000422800000, 0x0000000422800000, 0x0000000422c00000|  0%| F|  |TAMS 0x0000000422800000, 0x0000000422800000| Untracked 
| 130|0x0000000422c00000, 0x0000000422c00000, 0x0000000423000000|  0%| F|  |TAMS 0x0000000422c00000, 0x0000000422c00000| Untracked 
| 131|0x0000000423000000, 0x0000000423000000, 0x0000000423400000|  0%| F|  |TAMS 0x0000000423000000, 0x0000000423000000| Untracked 
| 132|0x0000000423400000, 0x0000000423400000, 0x0000000423800000|  0%| F|  |TAMS 0x0000000423400000, 0x0000000423400000| Untracked 
| 133|0x0000000423800000, 0x0000000423800000, 0x0000000423c00000|  0%| F|  |TAMS 0x0000000423800000, 0x0000000423800000| Untracked 
| 134|0x0000000423c00000, 0x0000000423c00000, 0x0000000424000000|  0%| F|  |TAMS 0x0000000423c00000, 0x0000000423c00000| Untracked 
| 135|0x0000000424000000, 0x0000000424000000, 0x0000000424400000|  0%| F|  |TAMS 0x0000000424000000, 0x0000000424000000| Untracked 
| 136|0x0000000424400000, 0x0000000424400000, 0x0000000424800000|  0%| F|  |TAMS 0x0000000424400000, 0x0000000424400000| Untracked 
| 137|0x0000000424800000, 0x0000000424800000, 0x0000000424c00000|  0%| F|  |TAMS 0x0000000424800000, 0x0000000424800000| Untracked 
| 138|0x0000000424c00000, 0x0000000424c00000, 0x0000000425000000|  0%| F|  |TAMS 0x0000000424c00000, 0x0000000424c00000| Untracked 
| 139|0x0000000425000000, 0x0000000425000000, 0x0000000425400000|  0%| F|  |TAMS 0x0000000425000000, 0x0000000425000000| Untracked 
| 140|0x0000000425400000, 0x0000000425400000, 0x0000000425800000|  0%| F|  |TAMS 0x0000000425400000, 0x0000000425400000| Untracked 
| 141|0x0000000425800000, 0x0000000425800000, 0x0000000425c00000|  0%| F|  |TAMS 0x0000000425800000, 0x0000000425800000| Untracked 
| 142|0x0000000425c00000, 0x0000000425c00000, 0x0000000426000000|  0%| F|  |TAMS 0x0000000425c00000, 0x0000000425c00000| Untracked 
| 143|0x0000000426000000, 0x0000000426000000, 0x0000000426400000|  0%| F|  |TAMS 0x0000000426000000, 0x0000000426000000| Untracked 
| 144|0x0000000426400000, 0x0000000426400000, 0x0000000426800000|  0%| F|  |TAMS 0x0000000426400000, 0x0000000426400000| Untracked 
| 145|0x0000000426800000, 0x0000000426800000, 0x0000000426c00000|  0%| F|  |TAMS 0x0000000426800000, 0x0000000426800000| Untracked 
| 146|0x0000000426c00000, 0x0000000426c00000, 0x0000000427000000|  0%| F|  |TAMS 0x0000000426c00000, 0x0000000426c00000| Untracked 
| 147|0x0000000427000000, 0x0000000427000000, 0x0000000427400000|  0%| F|  |TAMS 0x0000000427000000, 0x0000000427000000| Untracked 
| 148|0x0000000427400000, 0x0000000427400000, 0x0000000427800000|  0%| F|  |TAMS 0x0000000427400000, 0x0000000427400000| Untracked 
| 149|0x0000000427800000, 0x0000000427800000, 0x0000000427c00000|  0%| F|  |TAMS 0x0000000427800000, 0x0000000427800000| Untracked 
| 150|0x0000000427c00000, 0x0000000427c00000, 0x0000000428000000|  0%| F|  |TAMS 0x0000000427c00000, 0x0000000427c00000| Untracked 
| 151|0x0000000428000000, 0x0000000428000000, 0x0000000428400000|  0%| F|  |TAMS 0x0000000428000000, 0x0000000428000000| Untracked 
| 152|0x0000000428400000, 0x0000000428400000, 0x0000000428800000|  0%| F|  |TAMS 0x0000000428400000, 0x0000000428400000| Untracked 
| 153|0x0000000428800000, 0x0000000428800000, 0x0000000428c00000|  0%| F|  |TAMS 0x0000000428800000, 0x0000000428800000| Untracked 
| 154|0x0000000428c00000, 0x0000000428c00000, 0x0000000429000000|  0%| F|  |TAMS 0x0000000428c00000, 0x0000000428c00000| Untracked 
| 155|0x0000000429000000, 0x0000000429000000, 0x0000000429400000|  0%| F|  |TAMS 0x0000000429000000, 0x0000000429000000| Untracked 
| 156|0x0000000429400000, 0x0000000429400000, 0x0000000429800000|  0%| F|  |TAMS 0x0000000429400000, 0x0000000429400000| Untracked 
| 157|0x0000000429800000, 0x0000000429800000, 0x0000000429c00000|  0%| F|  |TAMS 0x0000000429800000, 0x0000000429800000| Untracked 
| 158|0x0000000429c00000, 0x0000000429c00000, 0x000000042a000000|  0%| F|  |TAMS 0x0000000429c00000, 0x0000000429c00000| Untracked 
| 159|0x000000042a000000, 0x000000042a000000, 0x000000042a400000|  0%| F|  |TAMS 0x000000042a000000, 0x000000042a000000| Untracked 
| 160|0x000000042a400000, 0x000000042a400000, 0x000000042a800000|  0%| F|  |TAMS 0x000000042a400000, 0x000000042a400000| Untracked 
| 161|0x000000042a800000, 0x000000042a800000, 0x000000042ac00000|  0%| F|  |TAMS 0x000000042a800000, 0x000000042a800000| Untracked 
| 162|0x000000042ac00000, 0x000000042ac00000, 0x000000042b000000|  0%| F|  |TAMS 0x000000042ac00000, 0x000000042ac00000| Untracked 
| 163|0x000000042b000000, 0x000000042b000000, 0x000000042b400000|  0%| F|  |TAMS 0x000000042b000000, 0x000000042b000000| Untracked 
| 164|0x000000042b400000, 0x000000042b400000, 0x000000042b800000|  0%| F|  |TAMS 0x000000042b400000, 0x000000042b400000| Untracked 
| 165|0x000000042b800000, 0x000000042b800000, 0x000000042bc00000|  0%| F|  |TAMS 0x000000042b800000, 0x000000042b800000| Untracked 
| 166|0x000000042bc00000, 0x000000042bc00000, 0x000000042c000000|  0%| F|  |TAMS 0x000000042bc00000, 0x000000042bc00000| Untracked 
| 167|0x000000042c000000, 0x000000042c000000, 0x000000042c400000|  0%| F|  |TAMS 0x000000042c000000, 0x000000042c000000| Untracked 
| 168|0x000000042c400000, 0x000000042c400000, 0x000000042c800000|  0%| F|  |TAMS 0x000000042c400000, 0x000000042c400000| Untracked 
| 169|0x000000042c800000, 0x000000042c800000, 0x000000042cc00000|  0%| F|  |TAMS 0x000000042c800000, 0x000000042c800000| Untracked 
| 170|0x000000042cc00000, 0x000000042cc00000, 0x000000042d000000|  0%| F|  |TAMS 0x000000042cc00000, 0x000000042cc00000| Untracked 
| 171|0x000000042d000000, 0x000000042d000000, 0x000000042d400000|  0%| F|  |TAMS 0x000000042d000000, 0x000000042d000000| Untracked 
| 172|0x000000042d400000, 0x000000042d400000, 0x000000042d800000|  0%| F|  |TAMS 0x000000042d400000, 0x000000042d400000| Untracked 
| 173|0x000000042d800000, 0x000000042d800000, 0x000000042dc00000|  0%| F|  |TAMS 0x000000042d800000, 0x000000042d800000| Untracked 
| 174|0x000000042dc00000, 0x000000042dc00000, 0x000000042e000000|  0%| F|  |TAMS 0x000000042dc00000, 0x000000042dc00000| Untracked 
| 175|0x000000042e000000, 0x000000042e000000, 0x000000042e400000|  0%| F|  |TAMS 0x000000042e000000, 0x000000042e000000| Untracked 
| 176|0x000000042e400000, 0x000000042e400000, 0x000000042e800000|  0%| F|  |TAMS 0x000000042e400000, 0x000000042e400000| Untracked 
| 177|0x000000042e800000, 0x000000042e800000, 0x000000042ec00000|  0%| F|  |TAMS 0x000000042e800000, 0x000000042e800000| Untracked 
| 178|0x000000042ec00000, 0x000000042ec00000, 0x000000042f000000|  0%| F|  |TAMS 0x000000042ec00000, 0x000000042ec00000| Untracked 
| 179|0x000000042f000000, 0x000000042f000000, 0x000000042f400000|  0%| F|  |TAMS 0x000000042f000000, 0x000000042f000000| Untracked 
| 180|0x000000042f400000, 0x000000042f400000, 0x000000042f800000|  0%| F|  |TAMS 0x000000042f400000, 0x000000042f400000| Untracked 
| 181|0x000000042f800000, 0x000000042f800000, 0x000000042fc00000|  0%| F|  |TAMS 0x000000042f800000, 0x000000042f800000| Untracked 
| 182|0x000000042fc00000, 0x000000042fc00000, 0x0000000430000000|  0%| F|  |TAMS 0x000000042fc00000, 0x000000042fc00000| Untracked 
| 183|0x0000000430000000, 0x0000000430000000, 0x0000000430400000|  0%| F|  |TAMS 0x0000000430000000, 0x0000000430000000| Untracked 
| 184|0x0000000430400000, 0x0000000430400000, 0x0000000430800000|  0%| F|  |TAMS 0x0000000430400000, 0x0000000430400000| Untracked 
| 185|0x0000000430800000, 0x0000000430800000, 0x0000000430c00000|  0%| F|  |TAMS 0x0000000430800000, 0x0000000430800000| Untracked 
| 186|0x0000000430c00000, 0x0000000430c00000, 0x0000000431000000|  0%| F|  |TAMS 0x0000000430c00000, 0x0000000430c00000| Untracked 
| 187|0x0000000431000000, 0x0000000431000000, 0x0000000431400000|  0%| F|  |TAMS 0x0000000431000000, 0x0000000431000000| Untracked 
| 188|0x0000000431400000, 0x0000000431400000, 0x0000000431800000|  0%| F|  |TAMS 0x0000000431400000, 0x0000000431400000| Untracked 
| 189|0x0000000431800000, 0x0000000431800000, 0x0000000431c00000|  0%| F|  |TAMS 0x0000000431800000, 0x0000000431800000| Untracked 
| 190|0x0000000431c00000, 0x0000000431c00000, 0x0000000432000000|  0%| F|  |TAMS 0x0000000431c00000, 0x0000000431c00000| Untracked 
| 191|0x0000000432000000, 0x0000000432000000, 0x0000000432400000|  0%| F|  |TAMS 0x0000000432000000, 0x0000000432000000| Untracked 
| 192|0x0000000432400000, 0x0000000432400000, 0x0000000432800000|  0%| F|  |TAMS 0x0000000432400000, 0x0000000432400000| Untracked 
| 193|0x0000000432800000, 0x0000000432800000, 0x0000000432c00000|  0%| F|  |TAMS 0x0000000432800000, 0x0000000432800000| Untracked 
| 194|0x0000000432c00000, 0x0000000432c00000, 0x0000000433000000|  0%| F|  |TAMS 0x0000000432c00000, 0x0000000432c00000| Untracked 
| 195|0x0000000433000000, 0x0000000433000000, 0x0000000433400000|  0%| F|  |TAMS 0x0000000433000000, 0x0000000433000000| Untracked 
| 196|0x0000000433400000, 0x0000000433400000, 0x0000000433800000|  0%| F|  |TAMS 0x0000000433400000, 0x0000000433400000| Untracked 
| 197|0x0000000433800000, 0x0000000433800000, 0x0000000433c00000|  0%| F|  |TAMS 0x0000000433800000, 0x0000000433800000| Untracked 
| 198|0x0000000433c00000, 0x0000000433c00000, 0x0000000434000000|  0%| F|  |TAMS 0x0000000433c00000, 0x0000000433c00000| Untracked 
| 199|0x0000000434000000, 0x0000000434000000, 0x0000000434400000|  0%| F|  |TAMS 0x0000000434000000, 0x0000000434000000| Untracked 
| 200|0x0000000434400000, 0x0000000434400000, 0x0000000434800000|  0%| F|  |TAMS 0x0000000434400000, 0x0000000434400000| Untracked 
| 201|0x0000000434800000, 0x0000000434800000, 0x0000000434c00000|  0%| F|  |TAMS 0x0000000434800000, 0x0000000434800000| Untracked 
| 202|0x0000000434c00000, 0x0000000434c00000, 0x0000000435000000|  0%| F|  |TAMS 0x0000000434c00000, 0x0000000434c00000| Untracked 
| 203|0x0000000435000000, 0x0000000435000000, 0x0000000435400000|  0%| F|  |TAMS 0x0000000435000000, 0x0000000435000000| Untracked 
| 204|0x0000000435400000, 0x0000000435400000, 0x0000000435800000|  0%| F|  |TAMS 0x0000000435400000, 0x0000000435400000| Untracked 
| 205|0x0000000435800000, 0x0000000435800000, 0x0000000435c00000|  0%| F|  |TAMS 0x0000000435800000, 0x0000000435800000| Untracked 
| 206|0x0000000435c00000, 0x0000000435c00000, 0x0000000436000000|  0%| F|  |TAMS 0x0000000435c00000, 0x0000000435c00000| Untracked 
| 207|0x0000000436000000, 0x0000000436000000, 0x0000000436400000|  0%| F|  |TAMS 0x0000000436000000, 0x0000000436000000| Untracked 
| 208|0x0000000436400000, 0x0000000436400000, 0x0000000436800000|  0%| F|  |TAMS 0x0000000436400000, 0x0000000436400000| Untracked 
| 209|0x0000000436800000, 0x0000000436800000, 0x0000000436c00000|  0%| F|  |TAMS 0x0000000436800000, 0x0000000436800000| Untracked 
| 210|0x0000000436c00000, 0x0000000436c00000, 0x0000000437000000|  0%| F|  |TAMS 0x0000000436c00000, 0x0000000436c00000| Untracked 
| 211|0x0000000437000000, 0x0000000437000000, 0x0000000437400000|  0%| F|  |TAMS 0x0000000437000000, 0x0000000437000000| Untracked 
| 212|0x0000000437400000, 0x0000000437400000, 0x0000000437800000|  0%| F|  |TAMS 0x0000000437400000, 0x0000000437400000| Untracked 
| 213|0x0000000437800000, 0x0000000437800000, 0x0000000437c00000|  0%| F|  |TAMS 0x0000000437800000, 0x0000000437800000| Untracked 
| 214|0x0000000437c00000, 0x0000000437c00000, 0x0000000438000000|  0%| F|  |TAMS 0x0000000437c00000, 0x0000000437c00000| Untracked 
| 215|0x0000000438000000, 0x0000000438000000, 0x0000000438400000|  0%| F|  |TAMS 0x0000000438000000, 0x0000000438000000| Untracked 
| 216|0x0000000438400000, 0x0000000438400000, 0x0000000438800000|  0%| F|  |TAMS 0x0000000438400000, 0x0000000438400000| Untracked 
| 217|0x0000000438800000, 0x0000000438800000, 0x0000000438c00000|  0%| F|  |TAMS 0x0000000438800000, 0x0000000438800000| Untracked 
| 218|0x0000000438c00000, 0x0000000438c00000, 0x0000000439000000|  0%| F|  |TAMS 0x0000000438c00000, 0x0000000438c00000| Untracked 
| 219|0x0000000439000000, 0x0000000439000000, 0x0000000439400000|  0%| F|  |TAMS 0x0000000439000000, 0x0000000439000000| Untracked 
| 220|0x0000000439400000, 0x0000000439400000, 0x0000000439800000|  0%| F|  |TAMS 0x0000000439400000, 0x0000000439400000| Untracked 
| 221|0x0000000439800000, 0x0000000439800000, 0x0000000439c00000|  0%| F|  |TAMS 0x0000000439800000, 0x0000000439800000| Untracked 
| 222|0x0000000439c00000, 0x0000000439c00000, 0x000000043a000000|  0%| F|  |TAMS 0x0000000439c00000, 0x0000000439c00000| Untracked 
| 223|0x000000043a000000, 0x000000043a000000, 0x000000043a400000|  0%| F|  |TAMS 0x000000043a000000, 0x000000043a000000| Untracked 
| 224|0x000000043a400000, 0x000000043a400000, 0x000000043a800000|  0%| F|  |TAMS 0x000000043a400000, 0x000000043a400000| Untracked 
| 225|0x000000043a800000, 0x000000043a800000, 0x000000043ac00000|  0%| F|  |TAMS 0x000000043a800000, 0x000000043a800000| Untracked 
| 226|0x000000043ac00000, 0x000000043ac00000, 0x000000043b000000|  0%| F|  |TAMS 0x000000043ac00000, 0x000000043ac00000| Untracked 
| 227|0x000000043b000000, 0x000000043b000000, 0x000000043b400000|  0%| F|  |TAMS 0x000000043b000000, 0x000000043b000000| Untracked 
| 228|0x000000043b400000, 0x000000043b400000, 0x000000043b800000|  0%| F|  |TAMS 0x000000043b400000, 0x000000043b400000| Untracked 
| 229|0x000000043b800000, 0x000000043b800000, 0x000000043bc00000|  0%| F|  |TAMS 0x000000043b800000, 0x000000043b800000| Untracked 
| 230|0x000000043bc00000, 0x000000043bc00000, 0x000000043c000000|  0%| F|  |TAMS 0x000000043bc00000, 0x000000043bc00000| Untracked 
| 231|0x000000043c000000, 0x000000043c000000, 0x000000043c400000|  0%| F|  |TAMS 0x000000043c000000, 0x000000043c000000| Untracked 
| 232|0x000000043c400000, 0x000000043c400000, 0x000000043c800000|  0%| F|  |TAMS 0x000000043c400000, 0x000000043c400000| Untracked 
| 233|0x000000043c800000, 0x000000043c800000, 0x000000043cc00000|  0%| F|  |TAMS 0x000000043c800000, 0x000000043c800000| Untracked 
| 234|0x000000043cc00000, 0x000000043cc00000, 0x000000043d000000|  0%| F|  |TAMS 0x000000043cc00000, 0x000000043cc00000| Untracked 
| 235|0x000000043d000000, 0x000000043d000000, 0x000000043d400000|  0%| F|  |TAMS 0x000000043d000000, 0x000000043d000000| Untracked 
| 236|0x000000043d400000, 0x000000043d400000, 0x000000043d800000|  0%| F|  |TAMS 0x000000043d400000, 0x000000043d400000| Untracked 
| 237|0x000000043d800000, 0x000000043d800000, 0x000000043dc00000|  0%| F|  |TAMS 0x000000043d800000, 0x000000043d800000| Untracked 
| 238|0x000000043dc00000, 0x000000043dc00000, 0x000000043e000000|  0%| F|  |TAMS 0x000000043dc00000, 0x000000043dc00000| Untracked 
| 239|0x000000043e000000, 0x000000043e000000, 0x000000043e400000|  0%| F|  |TAMS 0x000000043e000000, 0x000000043e000000| Untracked 
| 240|0x000000043e400000, 0x000000043e400000, 0x000000043e800000|  0%| F|  |TAMS 0x000000043e400000, 0x000000043e400000| Untracked 
| 241|0x000000043e800000, 0x000000043e800000, 0x000000043ec00000|  0%| F|  |TAMS 0x000000043e800000, 0x000000043e800000| Untracked 
| 242|0x000000043ec00000, 0x000000043ec00000, 0x000000043f000000|  0%| F|  |TAMS 0x000000043ec00000, 0x000000043ec00000| Untracked 
| 243|0x000000043f000000, 0x000000043f000000, 0x000000043f400000|  0%| F|  |TAMS 0x000000043f000000, 0x000000043f000000| Untracked 
| 244|0x000000043f400000, 0x000000043f400000, 0x000000043f800000|  0%| F|  |TAMS 0x000000043f400000, 0x000000043f400000| Untracked 
| 245|0x000000043f800000, 0x000000043f800000, 0x000000043fc00000|  0%| F|  |TAMS 0x000000043f800000, 0x000000043f800000| Untracked 
| 246|0x000000043fc00000, 0x000000043fc00000, 0x0000000440000000|  0%| F|  |TAMS 0x000000043fc00000, 0x000000043fc00000| Untracked 
| 247|0x0000000440000000, 0x0000000440000000, 0x0000000440400000|  0%| F|  |TAMS 0x0000000440000000, 0x0000000440000000| Untracked 
| 248|0x0000000440400000, 0x0000000440400000, 0x0000000440800000|  0%| F|  |TAMS 0x0000000440400000, 0x0000000440400000| Untracked 
| 249|0x0000000440800000, 0x0000000440800000, 0x0000000440c00000|  0%| F|  |TAMS 0x0000000440800000, 0x0000000440800000| Untracked 
| 250|0x0000000440c00000, 0x0000000440c00000, 0x0000000441000000|  0%| F|  |TAMS 0x0000000440c00000, 0x0000000440c00000| Untracked 
| 251|0x0000000441000000, 0x0000000441000000, 0x0000000441400000|  0%| F|  |TAMS 0x0000000441000000, 0x0000000441000000| Untracked 
| 252|0x0000000441400000, 0x0000000441400000, 0x0000000441800000|  0%| F|  |TAMS 0x0000000441400000, 0x0000000441400000| Untracked 
| 253|0x0000000441800000, 0x0000000441800000, 0x0000000441c00000|  0%| F|  |TAMS 0x0000000441800000, 0x0000000441800000| Untracked 
| 254|0x0000000441c00000, 0x0000000441c00000, 0x0000000442000000|  0%| F|  |TAMS 0x0000000441c00000, 0x0000000441c00000| Untracked 
| 255|0x0000000442000000, 0x00000004422e1560, 0x0000000442400000| 72%| E|  |TAMS 0x0000000442000000, 0x0000000442000000| Complete 

Card table byte_map: [0x000001c1238d0000,0x000001c1258c0000] _byte_map_base: 0x000001c1218be000

Marking Bits (Prev, Next): (CMBitMap*) 0x000001c10a054228, (CMBitMap*) 0x000001c10a054260
 Prev Bits: [0x000001c1278b0000, 0x000001c137820000)
 Next Bits: [0x000001c137820000, 0x000001c147790000)

Polling page: 0x000001c109770000

Metaspace:

Usage:
  Non-class:      4.00 MB capacity,     3.40 MB ( 85%) used,   614.52 KB ( 15%) free+waste,   128 bytes ( <1%) overhead. 
      Class:    386.00 KB capacity,   343.39 KB ( 89%) used,    42.48 KB ( 11%) free+waste,   128 bytes ( <1%) overhead. 
       Both:      4.38 MB capacity,     3.74 MB ( 85%) used,   657.01 KB ( 15%) free+waste,   256 bytes ( <1%) overhead. 

Virtual space:
  Non-class space:        8.00 MB reserved,       4.25 MB ( 53%) committed 
      Class space:        1.00 GB reserved,     512.00 KB ( <1%) committed 
             Both:        1.01 GB reserved,       4.75 MB ( <1%) committed 

Chunk freelists:
   Non-Class:  0 bytes
       Class:  0 bytes
        Both:  0 bytes

CodeHeap 'non-profiled nmethods': size=120000Kb used=22Kb max_used=22Kb free=119977Kb
 bounds [0x000001c11a080000, 0x000001c11a2f0000, 0x000001c1215b0000]
CodeHeap 'profiled nmethods': size=120000Kb used=134Kb max_used=134Kb free=119865Kb
 bounds [0x000001c112b50000, 0x000001c112dc0000, 0x000001c11a080000]
CodeHeap 'non-nmethods': size=5760Kb used=995Kb max_used=1007Kb free=4764Kb
 bounds [0x000001c1125b0000, 0x000001c112820000, 0x000001c112b50000]
 total_blobs=390 nmethods=94 adapters=155
 compilation: enabled
              stopped_count=0, restarted_count=0
 full_count=0

Compilation events (10 events):
Event: 0.105 Thread 0x000001c14a523800   90       3       java.lang.String::<init> (15 bytes)
Event: 0.106 Thread 0x000001c14a523800 nmethod 90 0x000001c112b6f590 code [0x000001c112b6f740, 0x000001c112b6f958]
Event: 0.110 Thread 0x000001c14a523800   91       3       java.lang.StringLatin1::lastIndexOf (40 bytes)
Event: 0.110 Thread 0x000001c14a523800 nmethod 91 0x000001c112b6fa10 code [0x000001c112b6fbe0, 0x000001c112b6fff8]
Event: 0.111 Thread 0x000001c14a51a800   92       4       java.lang.String::charAt (25 bytes)
Event: 0.111 Thread 0x000001c14a523800   93       3       java.util.Arrays::copyOfRange (63 bytes)
Event: 0.112 Thread 0x000001c14a523800 nmethod 93 0x000001c112b70190 code [0x000001c112b70440, 0x000001c112b71020]
Event: 0.112 Thread 0x000001c14a51a800 nmethod 92 0x000001c11a085790 code [0x000001c11a085940, 0x000001c11a085a08]
Event: 0.112 Thread 0x000001c14a523800   94       3       java.lang.StringLatin1::newString (17 bytes)
Event: 0.112 Thread 0x000001c14a523800 nmethod 94 0x000001c112b71490 code [0x000001c112b71660, 0x000001c112b71970]

GC Heap History (0 events):
No events

Deoptimization events (4 events):
Event: 0.093 Thread 0x000001c109f90000 Uncommon trap: trap_request=0xffffff4d fr.pc=0x000001c11a085320 relative=0x0000000000000200
Event: 0.093 Thread 0x000001c109f90000 Uncommon trap: reason=unstable_if action=reinterpret pc=0x000001c11a085320 method=java.lang.String.hashCode()I @ 14 c2
Event: 0.093 Thread 0x000001c109f90000 DEOPT PACKING pc=0x000001c11a085320 sp=0x00000097c6efd950
Event: 0.093 Thread 0x000001c109f90000 DEOPT UNPACKING pc=0x000001c1125d91af sp=0x00000097c6efd8e8 mode 2

Classes redefined (0 events):
No events

Internal exceptions (0 events):
No events

Events (10 events):
Event: 0.113 loading class java/lang/ClassLoader$NativeLibrary
Event: 0.113 loading class java/lang/ClassLoader$NativeLibrary done
Event: 0.113 loading class java/util/ArrayDeque$DeqIterator
Event: 0.113 loading class java/util/ArrayDeque$DeqIterator done
Event: 0.115 loading class java/util/concurrent/ConcurrentHashMap$ValuesView
Event: 0.115 loading class java/util/concurrent/ConcurrentHashMap$ValuesView done
Event: 0.115 loading class java/util/concurrent/ConcurrentHashMap$ValueIterator
Event: 0.115 loading class java/util/Enumeration
Event: 0.115 loading class java/util/Enumeration done
Event: 0.115 loading class java/util/concurrent/ConcurrentHashMap$ValueIterator done


Dynamic libraries:
0x00007ff6c1180000 - 0x00007ff6c11c4000 	C:\MGCNoScan\apps64\Java\jdk-11.0.4\bin\java.exe
0x00007ffbc0b50000 - 0x00007ffbc0d46000 	C:\WINDOWS\SYSTEM32\ntdll.dll
0x00007ffbbf1d0000 - 0x00007ffbbf28d000 	C:\WINDOWS\System32\KERNEL32.DLL
0x00007ffbbe630000 - 0x00007ffbbe8f9000 	C:\WINDOWS\System32\KERNELBASE.dll
0x00007ffbc07f0000 - 0x00007ffbc0990000 	C:\WINDOWS\System32\USER32.dll
0x00007ffbbea90000 - 0x00007ffbbeab2000 	C:\WINDOWS\System32\win32u.dll
0x00007ffbbfbf0000 - 0x00007ffbbfc1a000 	C:\WINDOWS\System32\GDI32.dll
0x00007ffbbe290000 - 0x00007ffbbe39b000 	C:\WINDOWS\System32\gdi32full.dll
0x00007ffbbeb10000 - 0x00007ffbbebad000 	C:\WINDOWS\System32\msvcp_win.dll
0x00007ffbbe400000 - 0x00007ffbbe500000 	C:\WINDOWS\System32\ucrtbase.dll
0x00007ffba4a20000 - 0x00007ffba4cbb000 	C:\WINDOWS\WinSxS\amd64_microsoft.windows.common-controls_6595b64144ccf1df_6.0.19041.746_none_ca02b4b61b8320a4\COMCTL32.dll
0x00007ffbc0990000 - 0x00007ffbc0a2e000 	C:\WINDOWS\System32\msvcrt.dll
0x00007ffbbfdf0000 - 0x00007ffbbfe20000 	C:\WINDOWS\System32\IMM32.DLL
0x00007ffbbe900000 - 0x00007ffbbe927000 	C:\WINDOWS\System32\bcrypt.dll
0x00007ffbab670000 - 0x00007ffbab686000 	C:\MGCNoScan\apps64\Java\jdk-11.0.4\bin\vcruntime140.dll
0x00007ffb9f630000 - 0x00007ffb9f6da000 	C:\MGCNoScan\apps64\Java\jdk-11.0.4\bin\msvcp140.dll
0x00007ffb37da0000 - 0x00007ffb388cd000 	C:\MGCNoScan\apps64\Java\jdk-11.0.4\bin\server\jvm.dll
0x00007ffbbf890000 - 0x00007ffbbf93c000 	C:\WINDOWS\System32\ADVAPI32.dll
0x00007ffbbfd50000 - 0x00007ffbbfdec000 	C:\WINDOWS\System32\sechost.dll
0x00007ffbbec10000 - 0x00007ffbbed3b000 	C:\WINDOWS\System32\RPCRT4.dll
0x00007ffbbfbd0000 - 0x00007ffbbfbd8000 	C:\WINDOWS\System32\PSAPI.DLL
0x00007ffbb5580000 - 0x00007ffbb55a7000 	C:\WINDOWS\SYSTEM32\WINMM.dll
0x00007ffbbd140000 - 0x00007ffbbd14a000 	C:\WINDOWS\SYSTEM32\VERSION.dll
0x00007ffba52d0000 - 0x00007ffba52d9000 	C:\WINDOWS\SYSTEM32\WSOCK32.dll
0x00007ffbbfc80000 - 0x00007ffbbfceb000 	C:\WINDOWS\System32\WS2_32.dll
0x00007ffbbd100000 - 0x00007ffbbd112000 	C:\WINDOWS\SYSTEM32\kernel.appcore.dll
0x00007ffba8e90000 - 0x00007ffba8ea1000 	C:\MGCNoScan\apps64\Java\jdk-11.0.4\bin\verify.dll
0x00007ffbb8f00000 - 0x00007ffbb90e4000 	C:\WINDOWS\SYSTEM32\DBGHELP.DLL
0x00007ffb9f3c0000 - 0x00007ffb9f3ec000 	C:\WINDOWS\SYSTEM32\dbgcore.DLL
0x00007ffbbe5b0000 - 0x00007ffbbe630000 	C:\WINDOWS\System32\bcryptPrimitives.dll
0x00007ffba8e60000 - 0x00007ffba8e88000 	C:\MGCNoScan\apps64\Java\jdk-11.0.4\bin\java.dll
0x00007ffba8ba0000 - 0x00007ffba8bb6000 	C:\MGCNoScan\apps64\Java\jdk-11.0.4\bin\zip.dll
0x00007ffbb9930000 - 0x00007ffbb993a000 	C:\MGCNoScan\apps64\Java\jdk-11.0.4\bin\jimage.dll
0x00007ffbbfe20000 - 0x00007ffbc0563000 	C:\WINDOWS\System32\SHELL32.dll
0x00007ffbbc970000 - 0x00007ffbbd0ff000 	C:\WINDOWS\SYSTEM32\windows.storage.dll
0x00007ffbbee70000 - 0x00007ffbbf1c6000 	C:\WINDOWS\System32\combase.dll
0x00007ffbbdc20000 - 0x00007ffbbdc4c000 	C:\WINDOWS\SYSTEM32\Wldp.dll
0x00007ffbbedc0000 - 0x00007ffbbee6e000 	C:\WINDOWS\System32\SHCORE.dll
0x00007ffbbfcf0000 - 0x00007ffbbfd45000 	C:\WINDOWS\System32\shlwapi.dll
0x00007ffbbe1c0000 - 0x00007ffbbe1e6000 	C:\WINDOWS\SYSTEM32\profapi.dll
0x00007ffb81e50000 - 0x00007ffb81e8d000 	C:\Users\jnambood\AppData\Local\Microsoft\WindowsApps\jni_demo_crash_example_Library.dll

dbghelp: loaded successfully - version: 4.0.5 - missing functions: none
symbol engine: initialized successfully - sym options: 0x614 - pdb path: .;C:\MGCNoScan\apps64\Java\jdk-11.0.4\bin;C:\WINDOWS\SYSTEM32;C:\WINDOWS\WinSxS\amd64_microsoft.windows.common-controls_6595b64144ccf1df_6.0.19041.746_none_ca02b4b61b8320a4;C:\MGCNoScan\apps64\Java\jdk-11.0.4\bin\server;C:\Users\jnambood\AppData\Local\Microsoft\WindowsApps

VM Arguments:
jvm_args: -Dfile.encoding=windows-1252 -Duser.country=US -Duser.language=en -Duser.variant 
java_command: example.LibraryCaller
java_class_path (initial): C:\MGCNoScan\repos\gradle-missing-test-does-not-create-uniq-files\build\classes\java\main;C:\MGCNoScan\repos\gradle-missing-test-does-not-create-uniq-files\build\resources\main
Launcher Type: SUN_STANDARD

[Global flags]
     intx CICompilerCount                          = 4                                         {product} {ergonomic}
     uint ConcGCThreads                            = 2                                         {product} {ergonomic}
     uint G1ConcRefinementThreads                  = 8                                         {product} {ergonomic}
   size_t G1HeapRegionSize                         = 4194304                                   {product} {ergonomic}
    uintx GCDrainStackTargetSize                   = 64                                        {product} {ergonomic}
   size_t InitialHeapSize                          = 1073741824                                {product} {ergonomic}
   size_t MarkStackSize                            = 4194304                                   {product} {ergonomic}
   size_t MaxHeapSize                              = 17142120448                               {product} {ergonomic}
   size_t MaxNewSize                               = 10284433408                               {product} {ergonomic}
   size_t MinHeapDeltaBytes                        = 4194304                                   {product} {ergonomic}
    uintx NonNMethodCodeHeapSize                   = 5835340                                {pd product} {ergonomic}
    uintx NonProfiledCodeHeapSize                  = 122911450                              {pd product} {ergonomic}
    uintx ProfiledCodeHeapSize                     = 122911450                              {pd product} {ergonomic}
    uintx ReservedCodeCacheSize                    = 251658240                              {pd product} {ergonomic}
     bool SegmentedCodeCache                       = true                                      {product} {ergonomic}
     bool UseCompressedClassPointers               = true                                 {lp64_product} {ergonomic}
     bool UseCompressedOops                        = true                                 {lp64_product} {ergonomic}
     bool UseG1GC                                  = true                                      {product} {ergonomic}
     bool UseLargePagesIndividualAllocation        = false                                  {pd product} {ergonomic}

Logging:
Log output configuration:
 #0: stdout all=warning uptime,level,tags
 #1: stderr all=off uptime,level,tags

Environment Variables:
PATH=c:\apps\ImageMagick-7.0.8-Q16;C:\Program Files (x86)\Common Files\Oracle\Java\javapath;C:\WINDOWS\system32;C:\WINDOWS;C:\WINDOWS\System32\Wbem;C:\WINDOWS\System32\WindowsPowerShell\v1.0\;C:\Program Files (x86)\Sennheiser\SoftphoneSDK\;C:\WINDOWS\System32\OpenSSH\;C:\ProgramData\chocolatey\bin;C:\Program Files (x86)\Subversion\bin;C:\Strawberry\c\bin;C:\Strawberry\perl\site\bin;C:\Strawberry\perl\bin;c:\Program Files\PostgreSQL\10\bin;C:\Strawberry\c\lib\postgresql;c:\Program Files\Mercurial;C:\Program Files (x86)\NVIDIA Corporation\PhysX\Common;c:\Program Files (x86)\ralcgm\;C:\Program Files\Amazon\AWSCLI\;C:\Go\bin;C:\Program Files (x86)\Google\Cloud SDK\google-cloud-sdk\bin;C:\WINDOWS\system32;C:\WINDOWS;C:\WINDOWS\System32\Wbem;C:\WINDOWS\System32\WindowsPowerShell\v1.0\;C:\WINDOWS\System32\OpenSSH\;C:\Program Files\PowerShell\7-preview\preview;C:\Program Files\PuTTY\;C:\Program Files (x86)\Intel\Intel(R) Management Engine Components\DAL;C:\Program Files\Intel\Intel(R) Management Engine Components\DAL;C:\Program Files\Intel\WiFi\bin\;C:\Program Files\Common Files\Intel\WirelessCommon\;C:\apps\bazel;C:\Users\jnambood\AppData\Roaming\Python\Python37\Scripts;C:\Program Files\Git LFS;C:\Program Files\Git\cmd;;C:\Android;C:\Windows\System32;C:\Program Files\nodejs\;C:\Program Files\PowerShell\7\;C:\Program Files\Docker\Docker\resources\bin;C:\ProgramData\DockerDesktop\version-bin;C:\Users\jnambood\AppData\Local\Microsoft\WindowsApps;c:\Program Files\Mercurial\;C:\Program Files\Intel\WiFi\bin\;C:\Program Files\Common Files\Intel\WirelessCommon\;C:\Users\jnambood\go\bin;C:\Program Files\Oracle\VirtualBox;C:\Program Files (x86)\Nmap;C:\Users\jnambood\AppData\Roaming\npm;C:\tools\msys64;;C:\Users\jnambood\AppData\Local\Microsoft\WindowsApps
USERNAME=jnambood
OS=Windows_NT
PROCESSOR_IDENTIFIER=Intel64 Family 6 Model 158 Stepping 9, GenuineIntel



---------------  S Y S T E M  ---------------

OS: Windows 10 , 64 bit Build 19041 (10.0.19041.662)

CPU:total 8 (initial active 8) (4 cores per cpu, 2 threads per core) family 6 model 158 stepping 9, cmov, cx8, fxsr, mmx, sse, sse2, sse3, ssse3, sse4.1, sse4.2, popcnt, avx, avx2, aes, clmul, erms, rtm, 3dnowpref, lzcnt, ht, tsc, tscinvbit, bmi1, bmi2, adx, fma

Memory: 4k page, system-wide physical 65384M (46182M free)
TotalPageFile size 75112M (AvailPageFile size 49016M)
current process WorkingSet (physical memory assigned to process): 32M, peak: 32M
current process commit charge ("private bytes"): 1136M, peak: 1136M

vm_info: OpenJDK 64-Bit Server VM (11.0.4+11) for windows-amd64 JRE (11.0.4+11), built on Jul  5 2019 19:14:07 by "" with MS VC++ 15.5 (VS2017)

END.
